2012/11/27 13:26:16 [error] [exception.CHttpException.404] exception 'CHttpException' with message 'The system is unable to find the requested action "getCommonNames".' in /var/www/html/NetBeans/NHM/openup/framework/web/CController.php:484
Stack trace:
#0 /var/www/html/NetBeans/NHM/openup/framework/web/CController.php(271): CController->missingAction('getCommonNames')
#1 /var/www/html/NetBeans/NHM/openup/framework/web/CWebApplication.php(283): CController->run('getCommonNames')
#2 /var/www/html/NetBeans/NHM/openup/framework/web/CWebApplication.php(142): CWebApplication->runController('jSONCommonNames...')
#3 /var/www/html/NetBeans/NHM/openup/framework/base/CApplication.php(162): CWebApplication->processRequest()
#4 /var/www/html/NetBeans/NHM/openup/index.php(13): CApplication->run()
#5 {main}
REQUEST_URI=/NetBeans/NHM/openup/index.php?r=jSONCommonNames/getCommonNames
---
2012/11/27 13:26:23 [error] [exception.CHttpException.404] exception 'CHttpException' with message 'The system is unable to find the requested action "GetCommonNames".' in /var/www/html/NetBeans/NHM/openup/framework/web/CController.php:484
Stack trace:
#0 /var/www/html/NetBeans/NHM/openup/framework/web/CController.php(271): CController->missingAction('GetCommonNames')
#1 /var/www/html/NetBeans/NHM/openup/framework/web/CWebApplication.php(283): CController->run('GetCommonNames')
#2 /var/www/html/NetBeans/NHM/openup/framework/web/CWebApplication.php(142): CWebApplication->runController('jSONCommonNames...')
#3 /var/www/html/NetBeans/NHM/openup/framework/base/CApplication.php(162): CWebApplication->processRequest()
#4 /var/www/html/NetBeans/NHM/openup/index.php(13): CApplication->run()
#5 {main}
REQUEST_URI=/NetBeans/NHM/openup/index.php?r=jSONCommonNames/GetCommonNames
---
2012/11/27 13:26:31 [error] [exception.CHttpException.404] exception 'CHttpException' with message 'The system is unable to find the requested action "japiGetCommonNames".' in /var/www/html/NetBeans/NHM/openup/framework/web/CController.php:484
Stack trace:
#0 /var/www/html/NetBeans/NHM/openup/framework/web/CController.php(271): CController->missingAction('japiGetCommonNa...')
#1 /var/www/html/NetBeans/NHM/openup/framework/web/CWebApplication.php(283): CController->run('japiGetCommonNa...')
#2 /var/www/html/NetBeans/NHM/openup/framework/web/CWebApplication.php(142): CWebApplication->runController('jSONCommonNames...')
#3 /var/www/html/NetBeans/NHM/openup/framework/base/CApplication.php(162): CWebApplication->processRequest()
#4 /var/www/html/NetBeans/NHM/openup/index.php(13): CApplication->run()
#5 {main}
REQUEST_URI=/NetBeans/NHM/openup/index.php?r=jSONCommonNames/japiGetCommonNames
---
